<?xml version="1.0" encoding="UTF-8"?>
<!-- Generated by org.testng.reporters.JUnitReportReporter -->
<testsuite hostname="LAPTOP-P6ESQ0G5" failures="0" tests="5" name="sekhar.samplepr.TestNg" time="44.787" errors="0" timestamp="2023-04-24T09:43:19 IST" skipped="0">
  <testcase classname="sekhar.samplepr.TestNg" name="testValidCredentials" time="7.586"/>
  <system-out/>
  <testcase classname="sekhar.samplepr.TestNg" name="testWrongPassword" time="9.584"/>
  <system-out/>
  <testcase classname="sekhar.samplepr.TestNg" name="testUserNotFound" time="7.630"/>
  <system-out/>
  <testcase classname="sekhar.samplepr.TestNg" name="testLogin" time="6.515"/>
  <system-out/>
  <testcase classname="sekhar.samplepr.TestNg" name="logout" time="13.472"/>
  <system-out/>
</testsuite> <!-- sekhar.samplepr.TestNg -->
